<?xml version="1.0" encoding="UTF-8"?>
<!-- Generated by org.testng.reporters.JUnitReportReporter -->
<testsuite skipped="0" hostname="CESCHNDES-0076" name="com.QualityTestCases.TestCase1" tests="1" failures="0" timestamp="29 Mar 2019 13:17:27 GMT" time="67.273" errors="0">
  <testcase name="PositiveFlow" time="67.273" classname="com.QualityTestCases.TestCase1"/>
</testsuite> <!-- com.QualityTestCases.TestCase1 -->
