<?xml version="1.0" encoding="UTF-8"?>
<!-- Generated by org.testng.reporters.JUnitReportReporter -->
<testsuite skipped="0" hostname="CESCHNDES-0076" name="com.qualitypointtest.QualitypointTest.Quality_Login_Page" tests="1" failures="0" timestamp="29 Mar 2019 10:49:23 GMT" time="12.319" errors="0">
  <testcase name="Login" time="12.319" classname="com.qualitypointtest.QualitypointTest.Quality_Login_Page"/>
</testsuite> <!-- com.qualitypointtest.QualitypointTest.Quality_Login_Page -->
