<?xml version="1.0" encoding="UTF-8"?>
<!-- Generated by org.testng.reporters.JUnitReportReporter -->
<testsuite skipped="0" hostname="CESCHNDES-0076" name="com.qualitypointtest.QualitypointTest.Twitter" tests="1" failures="0" timestamp="29 Mar 2019 10:49:23 GMT" time="13.447" errors="0">
  <testcase name="TwitterLoginPage" time="13.447" classname="com.qualitypointtest.QualitypointTest.Twitter"/>
</testsuite> <!-- com.qualitypointtest.QualitypointTest.Twitter -->
